# JRE version: Java(TM) SE Runtime Environment (8.0_271-b09) (build 1.8.0_271-b09)
# Java VM: Java HotSpot(TM) 64-Bit Server VM (25.271-b09 mixed mode windows-amd64 compressed oops)
Heap:
 PSYoungGen      total 37888K, used 14970K [0x00000000d6500000, 0x00000000daf00000, 0x0000000100000000)
  eden space 32768K, 38% used [0x00000000d6500000,0x00000000d7140d68,0x00000000d8500000)
  from space 5120K, 60% used [0x00000000d8a00000,0x00000000d8d00020,0x00000000d8f00000)
  to   space 5120K, 0% used [0x00000000d8500000,0x00000000d8500000,0x00000000d8a00000)
 ParOldGen       total 86016K, used 16K [0x0000000082e00000, 0x0000000088200000, 0x00000000d6500000)
  object space 86016K, 0% used [0x0000000082e00000,0x0000000082e04000,0x0000000088200000)
 Metaspace       used 7312K, capacity 7538K, committed 7808K, reserved 1056768K
  class space    used 792K, capacity 873K, committed 896K, reserved 1048576K
GC Heap History (4 events):
Event: 0.321 GC heap before
{Heap before GC invocations=1 (full 0):
 PSYoungGen      total 37888K, used 32768K [0x00000000d6500000, 0x00000000d8f00000, 0x0000000100000000)
  eden space 32768K, 100% used [0x00000000d6500000,0x00000000d8500000,0x00000000d8500000)
  from space 5120K, 0% used [0x00000000d8a00000,0x00000000d8a00000,0x00000000d8f00000)
  to   space 5120K, 0% used [0x00000000d8500000,0x00000000d8500000,0x00000000d8a00000)
 ParOldGen       total 86016K, used 0K [0x0000000082e00000, 0x0000000088200000, 0x00000000d6500000)
  object space 86016K, 0% used [0x0000000082e00000,0x0000000082e00000,0x0000000088200000)
 Metaspace       used 7061K, capacity 7282K, committed 7552K, reserved 1056768K
  class space    used 782K, capacity 873K, committed 896K, reserved 1048576K
Event: 0.323 GC heap after
Heap after GC invocations=1 (full 0):
 PSYoungGen      total 37888K, used 2820K [0x00000000d6500000, 0x00000000d8f00000, 0x0000000100000000)
  eden space 32768K, 0% used [0x00000000d6500000,0x00000000d6500000,0x00000000d8500000)
  from space 5120K, 55% used [0x00000000d8500000,0x00000000d87c1170,0x00000000d8a00000)
  to   space 5120K, 0% used [0x00000000d8a00000,0x00000000d8a00000,0x00000000d8f00000)
 ParOldGen       total 86016K, used 8K [0x0000000082e00000, 0x0000000088200000, 0x00000000d6500000)
  object space 86016K, 0% used [0x0000000082e00000,0x0000000082e02000,0x0000000088200000)
 Metaspace       used 7061K, capacity 7282K, committed 7552K, reserved 1056768K
  class space    used 782K, capacity 873K, committed 896K, reserved 1048576K
}
Event: 0.386 GC heap before
{Heap before GC invocations=2 (full 0):
 PSYoungGen      total 37888K, used 35588K [0x00000000d6500000, 0x00000000d8f00000, 0x0000000100000000)
  eden space 32768K, 99% used [0x00000000d6500000,0x00000000d84fffd8,0x00000000d8500000)
  from space 5120K, 55% used [0x00000000d8500000,0x00000000d87c1170,0x00000000d8a00000)
  to   space 5120K, 0% used [0x00000000d8a00000,0x00000000d8a00000,0x00000000d8f00000)
 ParOldGen       total 86016K, used 8K [0x0000000082e00000, 0x0000000088200000, 0x00000000d6500000)
  object space 86016K, 0% used [0x0000000082e00000,0x0000000082e02000,0x0000000088200000)
 Metaspace       used 7308K, capacity 7538K, committed 7808K, reserved 1056768K
  class space    used 792K, capacity 873K, committed 896K, reserved 1048576K
Event: 0.388 GC heap after
Heap after GC invocations=2 (full 0):
 PSYoungGen      total 37888K, used 3072K [0x00000000d6500000, 0x00000000daf00000, 0x0000000100000000)
  eden space 32768K, 0% used [0x00000000d6500000,0x00000000d6500000,0x00000000d8500000)
  from space 5120K, 60% used [0x00000000d8a00000,0x00000000d8d00020,0x00000000d8f00000)
  to   space 5120K, 0% used [0x00000000d8500000,0x00000000d8500000,0x00000000d8a00000)
 ParOldGen       total 86016K, used 16K [0x0000000082e00000, 0x0000000088200000, 0x00000000d6500000)
  object space 86016K, 0% used [0x0000000082e00000,0x0000000082e04000,0x0000000088200000)
 Metaspace       used 7308K, capacity 7538K, committed 7808K, reserved 1056768K
  class space    used 792K, capacity 873K, committed 896K, reserved 1048576K
}

